[2026-05-22 11:02:56] INIT -> database | connection opened
[2026-05-22 11:03:30] LOGIN -> users | email: admin | type: administrator
[2026-05-22 11:04:42] INSERT -> registration_codes | role: trainer | code: 466956
[2026-05-22 11:04:51] INSERT -> registration_codes | role: nutritionist | code: 623048
[2026-05-22 11:05:22] LOGOUT -> users | user_id: 3
[2026-05-22 11:06:19] INSERT -> users | email: porcacciodeddio@test.com | type: trainer
[2026-05-22 11:06:19] UPDATE -> registration_codes | code: 466956 marked as used
[2026-05-22 11:06:35] LOGIN -> users | email: porcacciodeddio@test.com | type: trainer
[2026-05-22 11:06:49] LOGOUT -> users | user_id: 4
[2026-05-22 11:06:59] SHUTDOWN -> database | connection closed
[2026-05-22 11:09:17] INIT -> database | connection opened
[2026-05-22 11:09:26] LOGIN -> users | email: porcacciodeddio@test.com | type: trainer
[2026-05-22 11:09:30] LOGOUT -> users | user_id: 4
[2026-05-22 11:09:37] LOGIN -> users | email: admin | type: administrator
[2026-05-22 11:09:45] SHUTDOWN -> database | connection closed
[2026-05-22 11:12:11] INIT -> database | connection opened
[2026-05-22 11:12:26] LOGIN -> users | email: mario@test.com | type: client
[2026-05-22 11:12:31] INSERT -> sessions | user_id: 1 | program_id: 1 | duration: 0
[2026-05-22 11:13:08] INSERT -> sessions | user_id: 1 | program_id: 1 | duration: 50
[2026-05-22 11:13:50] INSERT -> sessions | user_id: 1 | program_id: 1 | duration: 2147483647
[2026-05-22 11:14:02] INSERT -> sessions | user_id: 1 | program_id: 1 | duration: 0
[2026-05-22 11:14:13] INSERT -> sessions | user_id: 1 | program_id: 1 | duration: 999999999
[2026-05-22 11:14:45] LOGOUT -> users | user_id: 1
[2026-05-22 11:14:56] LOGIN -> users | email: admin | type: administrator
[2026-05-22 11:15:36] INSERT -> assignments | trainer_id: 4 | client_id: 1
[2026-05-22 11:17:15] LOGOUT -> users | user_id: 3
[2026-05-22 11:17:32] LOGIN -> users | email: porcacciodeddio@test.com | type: trainer
[2026-05-22 11:18:04] SHUTDOWN -> database | connection closed
[2026-05-22 11:24:14] INIT -> database | connection opened
[2026-05-22 11:25:20] LOGIN -> users | email: mario@test.com | type: client
[2026-05-22 11:27:03] SHUTDOWN -> database | connection closed
[2026-06-03 11:01:59] INIT -> database | connection opened
[2026-06-03 11:02:09] LOGIN -> users | email: admin | type: administrator
[2026-06-03 11:02:42] LOGOUT -> users | user_id: 3
[2026-06-03 11:02:58] LOGIN -> users | email: porcacciodeddio@test.com | type: trainer
[2026-06-03 11:05:34] LOGOUT -> users | user_id: 4
[2026-06-03 11:05:39] SHUTDOWN -> database | connection closed
[2026-06-03 19:37:56] INIT -> database | connection opened
[2026-06-03 19:38:16] LOGIN -> users | email: admin | type: administrator
[2026-06-03 19:38:42] LOGOUT -> users | user_id: 3
[2026-06-03 19:38:50] LOGIN -> users | email: mario@test.com | type: client
[2026-06-03 19:39:09] INSERT -> feedback | user_id: 1 | rating: 2
[2026-06-03 19:39:23] LOGOUT -> users | user_id: 1
[2026-06-03 19:39:38] LOGIN -> users | email: porcacciodeddio@test.com | type: trainer
[2026-06-03 19:40:35] INSERT -> workout_programs | title: caccaculo with 1 exercises
[2026-06-03 19:40:39] LOGOUT -> users | user_id: 4
[2026-06-03 19:40:48] LOGIN -> users | email: mario@test.com | type: client
[2026-06-03 19:41:29] LOGOUT -> users | user_id: 1
[2026-06-03 19:41:37] SHUTDOWN -> database | connection closed
[2026-06-08 09:07:47] INIT -> database | connection opened
[2026-06-08 09:07:51] SHUTDOWN -> database | connection closed
